Build started 23.07.2016 22:47:23.
     1>Project "C:\Users\Леха\Documents\Visual Studio 2013\Projects\ai\ai\ai.vcxproj" on node 2 (Build target(s)).
     1>ClCompile:
         C:\Program Files (x86)\Microsoft Visual Studio 12.0\VC\bin\CL.exe /c /I"C:\Users\Леха\Documents\Программирование\пиздюки\SFML-2.3.2\include" /ZI /nologo /W3 /WX- /sdl /Od /Oy- /D SFML_DYNAMIC /D _MBCS /D _MBCS /Gm /EHsc /RTC1 /MDd /GS /fp:precise /Zc:wchar_t /Zc:forScope /Fo"Debug\\" /Fd"Debug\vc120.pdb" /Gd /TP /analyze- /errorReport:prompt Bot.cpp
         Bot.cpp
     1>c:\users\леха\documents\visual studio 2013\projects\ai\ai\bot.cpp(17): warning C4305: '=' : truncation from 'double' to 'float'
     1>c:\users\леха\documents\visual studio 2013\projects\ai\ai\bot.cpp(23): warning C4244: 'argument' : conversion from 'float' to 'int', possible loss of data
     1>c:\users\леха\documents\visual studio 2013\projects\ai\ai\bot.cpp(91): warning C4244: 'argument' : conversion from 'time_t' to 'unsigned int', possible loss of data
     1>c:\users\леха\documents\visual studio 2013\projects\ai\ai\bot.cpp(93): warning C4244: 'argument' : conversion from 'time_t' to 'unsigned int', possible loss of data
     1>c:\users\леха\documents\visual studio 2013\projects\ai\ai\bot.cpp(86): warning C4101: 'dirX' : unreferenced local variable
     1>c:\users\леха\documents\visual studio 2013\projects\ai\ai\bot.cpp(86): warning C4101: 'dirY' : unreferenced local variable
     1>c:\users\леха\documents\visual studio 2013\projects\ai\ai\bot.cpp(171): warning C4244: 'argument' : conversion from 'float' to 'int', possible loss of data
       Link:
         C:\Program Files (x86)\Microsoft Visual Studio 12.0\VC\bin\link.exe /ERRORREPORT:PROMPT /OUT:"C:\Users\Леха\Documents\Visual Studio 2013\Projects\ai\Debug\ai.exe" /INCREMENTAL /NOLOGO /LIBPATH:"C:\Users\Леха\Documents\Программирование\пиздюки\SFML-2.3.2\lib" "sfml-graphics-d.lib" "sfml-window-d.lib" "sfml-system-d.lib" "sfml-audio-d.lib" kernel32.lib user32.lib gdi32.lib winspool.lib comdlg32.lib advapi32.lib shell32.lib ole32.lib oleaut32.lib uuid.lib odbc32.lib odbccp32.lib kernel32.lib user32.lib gdi32.lib winspool.lib comdlg32.lib advapi32.lib shell32.lib ole32.lib oleaut32.lib uuid.lib odbc32.lib odbccp32.lib /MANIFEST /MANIFESTUAC:"level='asInvoker' uiAccess='false'" /manifest:embed /DEBUG /PDB:"C:\Users\Леха\Documents\Visual Studio 2013\Projects\ai\Debug\ai.pdb" /TLBID:1 /DYNAMICBASE /NXCOMPAT /IMPLIB:"C:\Users\Леха\Documents\Visual Studio 2013\Projects\ai\Debug\ai.lib" /MACHINE:X86 Debug\Bot.obj
         Debug\Creature.obj
         "Debug\Main-redone.obj"
         Debug\Main.obj
         Debug\map.obj
         Debug\Player.obj
         ai.vcxproj -> C:\Users\Леха\Documents\Visual Studio 2013\Projects\ai\Debug\ai.exe
     1>Done Building Project "C:\Users\Леха\Documents\Visual Studio 2013\Projects\ai\ai\ai.vcxproj" (Build target(s)).

Build succeeded.

Time Elapsed 00:00:02.83
